c:\users\студент\source\repos\lab_opengl\x64\release\vc142.pdb
c:\users\студент\source\repos\lab_opengl\x64\release\texture.obj
c:\users\студент\source\repos\lab_opengl\x64\release\technique.obj
c:\users\студент\source\repos\lab_opengl\x64\release\pipeline.obj
c:\users\студент\source\repos\lab_opengl\x64\release\mymath3d.obj
c:\users\студент\source\repos\lab_opengl\x64\release\lightning_technique.obj
c:\users\студент\source\repos\lab_opengl\x64\release\lab_opengl.obj
c:\users\студент\source\repos\lab_opengl\x64\release\glut_backend.obj
c:\users\студент\source\repos\lab_opengl\x64\release\camera.obj
c:\users\студент\source\repos\lab_opengl\x64\release\lab_opengl.ipdb
c:\users\студент\source\repos\lab_opengl\x64\release\lab_opengl.iobj
c:\users\студент\source\repos\lab_opengl\x64\release\lab_opengl.exe
c:\users\студент\source\repos\lab_opengl\x64\release\lab_opengl.pdb
c:\users\студент\source\repos\lab_opengl\x64\release\lab_opengl.tlog\cl.command.1.tlog
c:\users\студент\source\repos\lab_opengl\x64\release\lab_opengl.tlog\cl.read.1.tlog
c:\users\студент\source\repos\lab_opengl\x64\release\lab_opengl.tlog\cl.write.1.tlog
c:\users\студент\source\repos\lab_opengl\x64\release\lab_opengl.tlog\lab_opengl.write.1u.tlog
c:\users\студент\source\repos\lab_opengl\x64\release\lab_opengl.tlog\link.command.1.tlog
c:\users\студент\source\repos\lab_opengl\x64\release\lab_opengl.tlog\link.read.1.tlog
c:\users\студент\source\repos\lab_opengl\x64\release\lab_opengl.tlog\link.write.1.tlog
