  Lab_openGL.cpp
C:\Program Files\ImageMagick\include\Magick++\Drawable.h(465,18): warning C4251: 'Magick::DrawableBezier::_coordinates': class 'std::vector<Magick::Coordinate,std::allocator<Magick::Coordinate>>' needs to have dll-interface to be used by clients of class 'Magick::DrawableBezier'
C:\Program Files\ImageMagick\include\Magick++\Drawable.h(73,16): message : see declaration of 'std::vector<Magick::Coordinate,std::allocator<Magick::Coordinate>>'
C:\Program Files\ImageMagick\include\Magick++\Drawable.h(574,15): warning C4251: 'Magick::DrawablePushClipPath::_id': class 'std::basic_string<char,std::char_traits<char>,std::allocator<char>>' needs to have dll-interface to be used by clients of class 'Magick::DrawablePushClipPath'
C:\Program Files\Microsoft Visual Studio\2022\Community\VC\Tools\MSVC\14.35.32215\include\xstring(5300,29): message : see declaration of 'std::basic_string<char,std::char_traits<char>,std::allocator<char>>'
C:\Program Files\ImageMagick\include\Magick++\Drawable.h(602,17): warning C4251: 'Magick::DrawableClipPath::_id': class 'std::basic_string<char,std::char_traits<char>,std::allocator<char>>' needs to have dll-interface to be used by clients of class 'Magick::DrawableClipPath'
C:\Program Files\Microsoft Visual Studio\2022\Community\VC\Tools\MSVC\14.35.32215\include\xstring(5300,29): message : see declaration of 'std::basic_string<char,std::char_traits<char>,std::allocator<char>>'
C:\Program Files\ImageMagick\include\Magick++\Drawable.h(846,15): warning C4251: 'Magick::DrawableDensity::_density': class 'std::basic_string<char,std::char_traits<char>,std::allocator<char>>' needs to have dll-interface to be used by clients of class 'Magick::DrawableDensity'
C:\Program Files\Microsoft Visual Studio\2022\Community\VC\Tools\MSVC\14.35.32215\include\xstring(5300,29): message : see declaration of 'std::basic_string<char,std::char_traits<char>,std::allocator<char>>'
C:\Program Files\ImageMagick\include\Magick++\Drawable.h(988,17): warning C4251: 'Magick::DrawableFillPatternUrl::_url': class 'std::basic_string<char,std::char_traits<char>,std::allocator<char>>' needs to have dll-interface to be used by clients of class 'Magick::DrawableFillPatternUrl'
C:\Program Files\Microsoft Visual Studio\2022\Community\VC\Tools\MSVC\14.35.32215\include\xstring(5300,29): message : see declaration of 'std::basic_string<char,std::char_traits<char>,std::allocator<char>>'
C:\Program Files\ImageMagick\include\Magick++\Drawable.h(1083,17): warning C4251: 'Magick::DrawableFont::_font': class 'std::basic_string<char,std::char_traits<char>,std::allocator<char>>' needs to have dll-interface to be used by clients of class 'Magick::DrawableFont'
C:\Program Files\Microsoft Visual Studio\2022\Community\VC\Tools\MSVC\14.35.32215\include\xstring(5300,29): message : see declaration of 'std::basic_string<char,std::char_traits<char>,std::allocator<char>>'
C:\Program Files\ImageMagick\include\Magick++\Drawable.h(1084,17): warning C4251: 'Magick::DrawableFont::_family': class 'std::basic_string<char,std::char_traits<char>,std::allocator<char>>' needs to have dll-interface to be used by clients of class 'Magick::DrawableFont'
C:\Program Files\Microsoft Visual Studio\2022\Community\VC\Tools\MSVC\14.35.32215\include\xstring(5300,29): message : see declaration of 'std::basic_string<char,std::char_traits<char>,std::allocator<char>>'
C:\Program Files\ImageMagick\include\Magick++\Drawable.h(1200,13): warning C4251: 'Magick::DrawablePath::_path': class 'std::vector<Magick::VPath,std::allocator<Magick::VPath>>' needs to have dll-interface to be used by clients of class 'Magick::DrawablePath'
C:\Program Files\ImageMagick\include\Magick++\Drawable.h(209,14): message : see declaration of 'std::vector<Magick::VPath,std::allocator<Magick::VPath>>'
C:\Program Files\ImageMagick\include\Magick++\Drawable.h(1289,18): warning C4251: 'Magick::DrawablePolygon::_coordinates': class 'std::vector<Magick::Coordinate,std::allocator<Magick::Coordinate>>' needs to have dll-interface to be used by clients of class 'Magick::DrawablePolygon'
C:\Program Files\ImageMagick\include\Magick++\Drawable.h(73,16): message : see declaration of 'std::vector<Magick::Coordinate,std::allocator<Magick::Coordinate>>'
C:\Program Files\ImageMagick\include\Magick++\Drawable.h(1309,18): warning C4251: 'Magick::DrawablePolyline::_coordinates': class 'std::vector<Magick::Coordinate,std::allocator<Magick::Coordinate>>' needs to have dll-interface to be used by clients of class 'Magick::DrawablePolyline'
C:\Program Files\ImageMagick\include\Magick++\Drawable.h(73,16): message : see declaration of 'std::vector<Magick::Coordinate,std::allocator<Magick::Coordinate>>'
C:\Program Files\ImageMagick\include\Magick++\Drawable.h(1393,23): warning C4251: 'Magick::DrawablePushPattern::_id': class 'std::basic_string<char,std::char_traits<char>,std::allocator<char>>' needs to have dll-interface to be used by clients of class 'Magick::DrawablePushPattern'
C:\Program Files\Microsoft Visual Studio\2022\Community\VC\Tools\MSVC\14.35.32215\include\xstring(5300,29): message : see declaration of 'std::basic_string<char,std::char_traits<char>,std::allocator<char>>'
C:\Program Files\ImageMagick\include\Magick++\Drawable.h(1879,15): warning C4251: 'Magick::DrawableStrokePatternUrl::_url': class 'std::basic_string<char,std::char_traits<char>,std::allocator<char>>' needs to have dll-interface to be used by clients of class 'Magick::DrawableStrokePatternUrl'
C:\Program Files\Microsoft Visual Studio\2022\Community\VC\Tools\MSVC\14.35.32215\include\xstring(5300,29): message : see declaration of 'std::basic_string<char,std::char_traits<char>,std::allocator<char>>'
C:\Program Files\ImageMagick\include\Magick++\Drawable.h(2055,15): warning C4251: 'Magick::DrawableText::_text': class 'std::basic_string<char,std::char_traits<char>,std::allocator<char>>' needs to have dll-interface to be used by clients of class 'Magick::DrawableText'
C:\Program Files\Microsoft Visual Studio\2022\Community\VC\Tools\MSVC\14.35.32215\include\xstring(5300,29): message : see declaration of 'std::basic_string<char,std::char_traits<char>,std::allocator<char>>'
C:\Program Files\ImageMagick\include\Magick++\Drawable.h(2056,15): warning C4251: 'Magick::DrawableText::_encoding': class 'std::basic_string<char,std::char_traits<char>,std::allocator<char>>' needs to have dll-interface to be used by clients of class 'Magick::DrawableText'
C:\Program Files\Microsoft Visual Studio\2022\Community\VC\Tools\MSVC\14.35.32215\include\xstring(5300,29): message : see declaration of 'std::basic_string<char,std::char_traits<char>,std::allocator<char>>'
C:\Program Files\ImageMagick\include\Magick++\Drawable.h(2491,19): warning C4251: 'Magick::PathArcAbs::_coordinates': class 'std::vector<Magick::PathArcArgs,std::allocator<Magick::PathArcArgs>>' needs to have dll-interface to be used by clients of class 'Magick::PathArcAbs'
C:\Program Files\ImageMagick\include\Magick++\Drawable.h(2456,14): message : see declaration of 'std::vector<Magick::PathArcArgs,std::allocator<Magick::PathArcArgs>>'
C:\Program Files\ImageMagick\include\Magick++\Drawable.h(2513,19): warning C4251: 'Magick::PathArcRel::_coordinates': class 'std::vector<Magick::PathArcArgs,std::allocator<Magick::PathArcArgs>>' needs to have dll-interface to be used by clients of class 'Magick::PathArcRel'
C:\Program Files\ImageMagick\include\Magick++\Drawable.h(2456,14): message : see declaration of 'std::vector<Magick::PathArcArgs,std::allocator<Magick::PathArcArgs>>'
C:\Program Files\ImageMagick\include\Magick++\Drawable.h(2664,23): warning C4251: 'Magick::PathCurvetoAbs::_args': class 'std::vector<Magick::PathCurvetoArgs,std::allocator<Magick::PathCurvetoArgs>>' needs to have dll-interface to be used by clients of class 'Magick::PathCurvetoAbs'
C:\Program Files\ImageMagick\include\Magick++\Drawable.h(2630,14): message : see declaration of 'std::vector<Magick::PathCurvetoArgs,std::allocator<Magick::PathCurvetoArgs>>'
C:\Program Files\ImageMagick\include\Magick++\Drawable.h(2687,23): warning C4251: 'Magick::PathCurvetoRel::_args': class 'std::vector<Magick::PathCurvetoArgs,std::allocator<Magick::PathCurvetoArgs>>' needs to have dll-interface to be used by clients of class 'Magick::PathCurvetoRel'
C:\Program Files\ImageMagick\include\Magick++\Drawable.h(2630,14): message : see declaration of 'std::vector<Magick::PathCurvetoArgs,std::allocator<Magick::PathCurvetoArgs>>'
C:\Program Files\ImageMagick\include\Magick++\Drawable.h(2711,18): warning C4251: 'Magick::PathSmoothCurvetoAbs::_coordinates': class 'std::vector<Magick::Coordinate,std::allocator<Magick::Coordinate>>' needs to have dll-interface to be used by clients of class 'Magick::PathSmoothCurvetoAbs'
C:\Program Files\ImageMagick\include\Magick++\Drawable.h(73,16): message : see declaration of 'std::vector<Magick::Coordinate,std::allocator<Magick::Coordinate>>'
C:\Program Files\ImageMagick\include\Magick++\Drawable.h(2736,18): warning C4251: 'Magick::PathSmoothCurvetoRel::_coordinates': class 'std::vector<Magick::Coordinate,std::allocator<Magick::Coordinate>>' needs to have dll-interface to be used by clients of class 'Magick::PathSmoothCurvetoRel'
C:\Program Files\ImageMagick\include\Magick++\Drawable.h(73,16): message : see declaration of 'std::vector<Magick::Coordinate,std::allocator<Magick::Coordinate>>'
C:\Program Files\ImageMagick\include\Magick++\Drawable.h(2845,32): warning C4251: 'Magick::PathQuadraticCurvetoAbs::_args': class 'std::vector<Magick::PathQuadraticCurvetoArgs,std::allocator<Magick::PathQuadraticCurvetoArgs>>' needs to have dll-interface to be used by clients of class 'Magick::PathQuadraticCurvetoAbs'
C:\Program Files\ImageMagick\include\Magick++\Drawable.h(2811,14): message : see declaration of 'std::vector<Magick::PathQuadraticCurvetoArgs,std::allocator<Magick::PathQuadraticCurvetoArgs>>'
C:\Program Files\ImageMagick\include\Magick++\Drawable.h(2869,32): warning C4251: 'Magick::PathQuadraticCurvetoRel::_args': class 'std::vector<Magick::PathQuadraticCurvetoArgs,std::allocator<Magick::PathQuadraticCurvetoArgs>>' needs to have dll-interface to be used by clients of class 'Magick::PathQuadraticCurvetoRel'
C:\Program Files\ImageMagick\include\Magick++\Drawable.h(2811,14): message : see declaration of 'std::vector<Magick::PathQuadraticCurvetoArgs,std::allocator<Magick::PathQuadraticCurvetoArgs>>'
C:\Program Files\ImageMagick\include\Magick++\Drawable.h(2893,18): warning C4251: 'Magick::PathSmoothQuadraticCurvetoAbs::_coordinates': class 'std::vector<Magick::Coordinate,std::allocator<Magick::Coordinate>>' needs to have dll-interface to be used by clients of class 'Magick::PathSmoothQuadraticCurvetoAbs'
C:\Program Files\ImageMagick\include\Magick++\Drawable.h(73,16): message : see declaration of 'std::vector<Magick::Coordinate,std::allocator<Magick::Coordinate>>'
C:\Program Files\ImageMagick\include\Magick++\Drawable.h(2917,18): warning C4251: 'Magick::PathSmoothQuadraticCurvetoRel::_coordinates': class 'std::vector<Magick::Coordinate,std::allocator<Magick::Coordinate>>' needs to have dll-interface to be used by clients of class 'Magick::PathSmoothQuadraticCurvetoRel'
C:\Program Files\ImageMagick\include\Magick++\Drawable.h(73,16): message : see declaration of 'std::vector<Magick::Coordinate,std::allocator<Magick::Coordinate>>'
C:\Program Files\ImageMagick\include\Magick++\Drawable.h(2945,18): warning C4251: 'Magick::PathLinetoAbs::_coordinates': class 'std::vector<Magick::Coordinate,std::allocator<Magick::Coordinate>>' needs to have dll-interface to be used by clients of class 'Magick::PathLinetoAbs'
C:\Program Files\ImageMagick\include\Magick++\Drawable.h(73,16): message : see declaration of 'std::vector<Magick::Coordinate,std::allocator<Magick::Coordinate>>'
C:\Program Files\ImageMagick\include\Magick++\Drawable.h(2969,18): warning C4251: 'Magick::PathLinetoRel::_coordinates': class 'std::vector<Magick::Coordinate,std::allocator<Magick::Coordinate>>' needs to have dll-interface to be used by clients of class 'Magick::PathLinetoRel'
C:\Program Files\ImageMagick\include\Magick++\Drawable.h(73,16): message : see declaration of 'std::vector<Magick::Coordinate,std::allocator<Magick::Coordinate>>'
C:\Program Files\ImageMagick\include\Magick++\Drawable.h(3111,18): warning C4251: 'Magick::PathMovetoAbs::_coordinates': class 'std::vector<Magick::Coordinate,std::allocator<Magick::Coordinate>>' needs to have dll-interface to be used by clients of class 'Magick::PathMovetoAbs'
C:\Program Files\ImageMagick\include\Magick++\Drawable.h(73,16): message : see declaration of 'std::vector<Magick::Coordinate,std::allocator<Magick::Coordinate>>'
C:\Program Files\ImageMagick\include\Magick++\Drawable.h(3135,18): warning C4251: 'Magick::PathMovetoRel::_coordinates': class 'std::vector<Magick::Coordinate,std::allocator<Magick::Coordinate>>' needs to have dll-interface to be used by clients of class 'Magick::PathMovetoRel'
C:\Program Files\ImageMagick\include\Magick++\Drawable.h(73,16): message : see declaration of 'std::vector<Magick::Coordinate,std::allocator<Magick::Coordinate>>'
C:\Program Files\ImageMagick\include\Magick++\Exception.h(25,3): warning C4275: non dll-interface class 'std::exception' used as base for dll-interface class 'Magick::Exception'
C:\Program Files\Microsoft Visual Studio\2022\Community\VC\Tools\MSVC\14.35.32215\include\exception(38,19): message : see declaration of 'std::exception'
C:\Program Files\ImageMagick\include\Magick++\Exception.h(24,24): message : see declaration of 'Magick::Exception'
C:\Program Files\ImageMagick\include\Magick++\Exception.h(58,17): warning C4251: 'Magick::Exception::_what': class 'std::basic_string<char,std::char_traits<char>,std::allocator<char>>' needs to have dll-interface to be used by clients of class 'Magick::Exception'
C:\Program Files\Microsoft Visual Studio\2022\Community\VC\Tools\MSVC\14.35.32215\include\xstring(5300,29): message : see declaration of 'std::basic_string<char,std::char_traits<char>,std::allocator<char>>'
C:\Program Files\ImageMagick\include\Magick++\Statistic.h(71,25): warning C4251: 'Magick::ChannelMoments::_huInvariants': class 'std::vector<double,std::allocator<double>>' needs to have dll-interface to be used by clients of class 'Magick::ChannelMoments'
C:\Program Files\ImageMagick\include\Magick++\Statistic.h(71,10): message : see declaration of 'std::vector<double,std::allocator<double>>'
C:\Program Files\ImageMagick\include\Magick++\Statistic.h(126,25): warning C4251: 'Magick::ChannelPerceptualHash::_srgbHuPhash': class 'std::vector<double,std::allocator<double>>' needs to have dll-interface to be used by clients of class 'Magick::ChannelPerceptualHash'
C:\Program Files\ImageMagick\include\Magick++\Statistic.h(71,10): message : see declaration of 'std::vector<double,std::allocator<double>>'
C:\Program Files\ImageMagick\include\Magick++\Statistic.h(127,25): warning C4251: 'Magick::ChannelPerceptualHash::_hclpHuPhash': class 'std::vector<double,std::allocator<double>>' needs to have dll-interface to be used by clients of class 'Magick::ChannelPerceptualHash'
C:\Program Files\ImageMagick\include\Magick++\Statistic.h(71,10): message : see declaration of 'std::vector<double,std::allocator<double>>'
C:\Program Files\ImageMagick\include\Magick++\Statistic.h(241,33): warning C4251: 'Magick::ImageMoments::_channels': class 'std::vector<Magick::ChannelMoments,std::allocator<Magick::ChannelMoments>>' needs to have dll-interface to be used by clients of class 'Magick::ImageMoments'
C:\Program Files\ImageMagick\include\Magick++\Statistic.h(241,10): message : see declaration of 'std::vector<Magick::ChannelMoments,std::allocator<Magick::ChannelMoments>>'
C:\Program Files\ImageMagick\include\Magick++\Statistic.h(279,40): warning C4251: 'Magick::ImagePerceptualHash::_channels': class 'std::vector<Magick::ChannelPerceptualHash,std::allocator<Magick::ChannelPerceptualHash>>' needs to have dll-interface to be used by clients of class 'Magick::ImagePerceptualHash'
C:\Program Files\ImageMagick\include\Magick++\Statistic.h(279,10): message : see declaration of 'std::vector<Magick::ChannelPerceptualHash,std::allocator<Magick::ChannelPerceptualHash>>'
C:\Program Files\ImageMagick\include\Magick++\Statistic.h(304,36): warning C4251: 'Magick::ImageStatistics::_channels': class 'std::vector<Magick::ChannelStatistics,std::allocator<Magick::ChannelStatistics>>' needs to have dll-interface to be used by clients of class 'Magick::ImageStatistics'
C:\Program Files\ImageMagick\include\Magick++\Statistic.h(304,10): message : see declaration of 'std::vector<Magick::ChannelStatistics,std::allocator<Magick::ChannelStatistics>>'
C:\Program Files\ImageMagick\include\Magick++\CoderInfo.h(78,17): warning C4251: 'Magick::CoderInfo::_description': class 'std::basic_string<char,std::char_traits<char>,std::allocator<char>>' needs to have dll-interface to be used by clients of class 'Magick::CoderInfo'
C:\Program Files\Microsoft Visual Studio\2022\Community\VC\Tools\MSVC\14.35.32215\include\xstring(5300,29): message : see declaration of 'std::basic_string<char,std::char_traits<char>,std::allocator<char>>'
C:\Program Files\ImageMagick\include\Magick++\CoderInfo.h(83,17): warning C4251: 'Magick::CoderInfo::_mimeType': class 'std::basic_string<char,std::char_traits<char>,std::allocator<char>>' needs to have dll-interface to be used by clients of class 'Magick::CoderInfo'
C:\Program Files\Microsoft Visual Studio\2022\Community\VC\Tools\MSVC\14.35.32215\include\xstring(5300,29): message : see declaration of 'std::basic_string<char,std::char_traits<char>,std::allocator<char>>'
C:\Program Files\ImageMagick\include\Magick++\CoderInfo.h(84,17): warning C4251: 'Magick::CoderInfo::_module': class 'std::basic_string<char,std::char_traits<char>,std::allocator<char>>' needs to have dll-interface to be used by clients of class 'Magick::CoderInfo'
C:\Program Files\Microsoft Visual Studio\2022\Community\VC\Tools\MSVC\14.35.32215\include\xstring(5300,29): message : see declaration of 'std::basic_string<char,std::char_traits<char>,std::allocator<char>>'
C:\Program Files\ImageMagick\include\Magick++\CoderInfo.h(85,17): warning C4251: 'Magick::CoderInfo::_name': class 'std::basic_string<char,std::char_traits<char>,std::allocator<char>>' needs to have dll-interface to be used by clients of class 'Magick::CoderInfo'
C:\Program Files\Microsoft Visual Studio\2022\Community\VC\Tools\MSVC\14.35.32215\include\xstring(5300,29): message : see declaration of 'std::basic_string<char,std::char_traits<char>,std::allocator<char>>'
C:\Program Files\ImageMagick\include\Magick++\Montage.h(101,17): warning C4251: 'Magick::Montage::_fileName': class 'std::basic_string<char,std::char_traits<char>,std::allocator<char>>' needs to have dll-interface to be used by clients of class 'Magick::Montage'
C:\Program Files\Microsoft Visual Studio\2022\Community\VC\Tools\MSVC\14.35.32215\include\xstring(5300,29): message : see declaration of 'std::basic_string<char,std::char_traits<char>,std::allocator<char>>'
C:\Program Files\ImageMagick\include\Magick++\Montage.h(103,17): warning C4251: 'Magick::Montage::_font': class 'std::basic_string<char,std::char_traits<char>,std::allocator<char>>' needs to have dll-interface to be used by clients of class 'Magick::Montage'
C:\Program Files\Microsoft Visual Studio\2022\Community\VC\Tools\MSVC\14.35.32215\include\xstring(5300,29): message : see declaration of 'std::basic_string<char,std::char_traits<char>,std::allocator<char>>'
C:\Program Files\ImageMagick\include\Magick++\Montage.h(106,17): warning C4251: 'Magick::Montage::_label': class 'std::basic_string<char,std::char_traits<char>,std::allocator<char>>' needs to have dll-interface to be used by clients of class 'Magick::Montage'
C:\Program Files\Microsoft Visual Studio\2022\Community\VC\Tools\MSVC\14.35.32215\include\xstring(5300,29): message : see declaration of 'std::basic_string<char,std::char_traits<char>,std::allocator<char>>'
C:\Program Files\ImageMagick\include\Magick++\Montage.h(110,17): warning C4251: 'Magick::Montage::_texture': class 'std::basic_string<char,std::char_traits<char>,std::allocator<char>>' needs to have dll-interface to be used by clients of class 'Magick::Montage'
C:\Program Files\Microsoft Visual Studio\2022\Community\VC\Tools\MSVC\14.35.32215\include\xstring(5300,29): message : see declaration of 'std::basic_string<char,std::char_traits<char>,std::allocator<char>>'
C:\Program Files\ImageMagick\include\Magick++\Montage.h(112,17): warning C4251: 'Magick::Montage::_title': class 'std::basic_string<char,std::char_traits<char>,std::allocator<char>>' needs to have dll-interface to be used by clients of class 'Magick::Montage'
C:\Program Files\Microsoft Visual Studio\2022\Community\VC\Tools\MSVC\14.35.32215\include\xstring(5300,29): message : see declaration of 'std::basic_string<char,std::char_traits<char>,std::allocator<char>>'
C:\Program Files\ImageMagick\include\Magick++\STL.h(134,25): warning C4251: 'Magick::annotateImage::_text': class 'std::basic_string<char,std::char_traits<char>,std::allocator<char>>' needs to have dll-interface to be used by clients of class 'Magick::annotateImage'
C:\Program Files\Microsoft Visual Studio\2022\Community\VC\Tools\MSVC\14.35.32215\include\xstring(5300,29): message : see declaration of 'std::basic_string<char,std::char_traits<char>,std::allocator<char>>'
C:\Program Files\ImageMagick\include\Magick++\STL.h(213,19): warning C4251: 'Magick::cdlImage::_cdl': class 'std::basic_string<char,std::char_traits<char>,std::allocator<char>>' needs to have dll-interface to be used by clients of class 'Magick::cdlImage'
C:\Program Files\Microsoft Visual Studio\2022\Community\VC\Tools\MSVC\14.35.32215\include\xstring(5300,29): message : see declaration of 'std::basic_string<char,std::char_traits<char>,std::allocator<char>>'
C:\Program Files\ImageMagick\include\Magick++\STL.h(273,17): warning C4251: 'Magick::commentImage::_comment': class 'std::basic_string<char,std::char_traits<char>,std::allocator<char>>' needs to have dll-interface to be used by clients of class 'Magick::commentImage'
C:\Program Files\Microsoft Visual Studio\2022\Community\VC\Tools\MSVC\14.35.32215\include\xstring(5300,29): message : see declaration of 'std::basic_string<char,std::char_traits<char>,std::allocator<char>>'
C:\Program Files\ImageMagick\include\Magick++\STL.h(385,18): warning C4251: 'Magick::drawImage::_drawableList': class 'std::vector<Magick::Drawable,std::allocator<Magick::Drawable>>' needs to have dll-interface to be used by clients of class 'Magick::drawImage'
C:\Program Files\ImageMagick\include\Magick++\Drawable.h(146,16): message : see declaration of 'std::vector<Magick::Drawable,std::allocator<Magick::Drawable>>'
C:\Program Files\ImageMagick\include\Magick++\STL.h(664,17): warning C4251: 'Magick::labelImage::_label': class 'std::basic_string<char,std::char_traits<char>,std::allocator<char>>' needs to have dll-interface to be used by clients of class 'Magick::labelImage'
C:\Program Files\Microsoft Visual Studio\2022\Community\VC\Tools\MSVC\14.35.32215\include\xstring(5300,29): message : see declaration of 'std::basic_string<char,std::char_traits<char>,std::allocator<char>>'
C:\Program Files\ImageMagick\include\Magick++\STL.h(1294,17): warning C4251: 'Magick::backgroundTextureImage::_backgroundTexture': class 'std::basic_string<char,std::char_traits<char>,std::allocator<char>>' needs to have dll-interface to be used by clients of class 'Magick::backgroundTextureImage'
C:\Program Files\Microsoft Visual Studio\2022\Community\VC\Tools\MSVC\14.35.32215\include\xstring(5300,29): message : see declaration of 'std::basic_string<char,std::char_traits<char>,std::allocator<char>>'
C:\Program Files\ImageMagick\include\Magick++\STL.h(1473,17): warning C4251: 'Magick::fileNameImage::_fileName': class 'std::basic_string<char,std::char_traits<char>,std::allocator<char>>' needs to have dll-interface to be used by clients of class 'Magick::fileNameImage'
C:\Program Files\Microsoft Visual Studio\2022\Community\VC\Tools\MSVC\14.35.32215\include\xstring(5300,29): message : see declaration of 'std::basic_string<char,std::char_traits<char>,std::allocator<char>>'
C:\Program Files\ImageMagick\include\Magick++\STL.h(1497,17): warning C4251: 'Magick::fontImage::_font': class 'std::basic_string<char,std::char_traits<char>,std::allocator<char>>' needs to have dll-interface to be used by clients of class 'Magick::fontImage'
C:\Program Files\Microsoft Visual Studio\2022\Community\VC\Tools\MSVC\14.35.32215\include\xstring(5300,29): message : see declaration of 'std::basic_string<char,std::char_traits<char>,std::allocator<char>>'
C:\Program Files\ImageMagick\include\Magick++\STL.h(1545,17): warning C4251: 'Magick::magickImage::_magick': class 'std::basic_string<char,std::char_traits<char>,std::allocator<char>>' needs to have dll-interface to be used by clients of class 'Magick::magickImage'
C:\Program Files\Microsoft Visual Studio\2022\Community\VC\Tools\MSVC\14.35.32215\include\xstring(5300,29): message : see declaration of 'std::basic_string<char,std::char_traits<char>,std::allocator<char>>'
C:\Program Files\ImageMagick\include\Magick++\STL.h(1842,17): warning C4251: 'Magick::x11DisplayImage::_display': class 'std::basic_string<char,std::char_traits<char>,std::allocator<char>>' needs to have dll-interface to be used by clients of class 'Magick::x11DisplayImage'
C:\Program Files\Microsoft Visual Studio\2022\Community\VC\Tools\MSVC\14.35.32215\include\xstring(5300,29): message : see declaration of 'std::basic_string<char,std::char_traits<char>,std::allocator<char>>'
  Generating code
  19 of 247 functions ( 7.7%) were compiled, the rest were copied from previous compilation.
    0 functions were new in current compilation
    11 functions had inline decision re-evaluated but remain unchanged
  Finished generating code
  Lab_openGL.vcxproj -> C:\Users\vadim\source\repos\Lab_openGL\x64\Release\Lab_openGL.exe
